crypto:1  <meta name="apple-mobile-web-app-capable" content="yes"> is deprecated. Please include <meta name="mobile-web-app-capable" content="yes">
index.aefb2d8c.js:7084 b7Nz0xhge-Nlgr9GLgAA
frame-modern.1b1c6d5e.js:1  [Intercom] The App ID in your code snippet has not been set. Set it to your App ID found in settings to complete installation: https://app.intercom.com/a/apps/_/settings/web
i @ frame-modern.1b1c6d5e.js:1
api.runehall.com/api/stream:1   Failed to load resource: the server responded with a status of 404 ()
index.aefb2d8c.js:110  Object
fetchAll @ index.aefb2d8c.js:110
index.aefb2d8c.js:102  GSAP target .div3,.img2 not found. https://gsap.com
_warn @ index.aefb2d8c.js:102
D @ index.aefb2d8c.js:102
_createTweenType @ index.aefb2d8c.js:102
Be.to @ index.aefb2d8c.js:102
(anonymous) @ index.aefb2d8c.js:582
mounted @ index.aefb2d8c.js:582
(anonymous) @ index.aefb2d8c.js:16
callWithErrorHandling @ index.aefb2d8c.js:16
callWithAsyncErrorHandling @ index.aefb2d8c.js:16
D.__weh.D.__weh @ index.aefb2d8c.js:16
flushPostFlushCbs @ index.aefb2d8c.js:16
flushJobs @ index.aefb2d8c.js:16
Promise.then
queueFlush @ index.aefb2d8c.js:16
queueJob @ index.aefb2d8c.js:16
Xe.scheduler @ index.aefb2d8c.js:16
xt.scheduler @ index.aefb2d8c.js:9
trigger @ index.aefb2d8c.js:9
endBatch @ index.aefb2d8c.js:9
notify @ index.aefb2d8c.js:9
trigger @ index.aefb2d8c.js:9
set value @ index.aefb2d8c.js:9
Kt @ index.aefb2d8c.js:45
(anonymous) @ index.aefb2d8c.js:45
Promise.then
jt @ index.aefb2d8c.js:45
Ft @ index.aefb2d8c.js:45
Xe @ index.aefb2d8c.js:45
callWithErrorHandling @ index.aefb2d8c.js:16
callWithAsyncErrorHandling @ index.aefb2d8c.js:16
Be @ index.aefb2d8c.js:20
index.aefb2d8c.js:102  GSAP target .div3,.img2 not found. https://gsap.com
_warn @ index.aefb2d8c.js:102
D @ index.aefb2d8c.js:102
_createTweenType @ index.aefb2d8c.js:102
Be.to @ index.aefb2d8c.js:102
(anonymous) @ index.aefb2d8c.js:582
mounted @ index.aefb2d8c.js:582
(anonymous) @ index.aefb2d8c.js:16
callWithErrorHandling @ index.aefb2d8c.js:16
callWithAsyncErrorHandling @ index.aefb2d8c.js:16
D.__weh.D.__weh @ index.aefb2d8c.js:16
flushPostFlushCbs @ index.aefb2d8c.js:16
flushJobs @ index.aefb2d8c.js:16
Promise.then
queueFlush @ index.aefb2d8c.js:16
queueJob @ index.aefb2d8c.js:16
Xe.scheduler @ index.aefb2d8c.js:16
xt.scheduler @ index.aefb2d8c.js:9
trigger @ index.aefb2d8c.js:9
endBatch @ index.aefb2d8c.js:9
notify @ index.aefb2d8c.js:9
trigger @ index.aefb2d8c.js:9
set value @ index.aefb2d8c.js:9
Kt @ index.aefb2d8c.js:45
(anonymous) @ index.aefb2d8c.js:45
Promise.then
jt @ index.aefb2d8c.js:45
Ft @ index.aefb2d8c.js:45
Xe @ index.aefb2d8c.js:45
callWithErrorHandling @ index.aefb2d8c.js:16
callWithAsyncErrorHandling @ index.aefb2d8c.js:16
Be @ index.aefb2d8c.js:20
index.aefb2d8c.js:102  GSAP target .div3,.img2 not found. https://gsap.com
_warn @ index.aefb2d8c.js:102
D @ index.aefb2d8c.js:102
_createTweenType @ index.aefb2d8c.js:102
Be.to @ index.aefb2d8c.js:102
(anonymous) @ index.aefb2d8c.js:582
mounted @ index.aefb2d8c.js:582
(anonymous) @ index.aefb2d8c.js:16
callWithErrorHandling @ index.aefb2d8c.js:16
callWithAsyncErrorHandling @ index.aefb2d8c.js:16
D.__weh.D.__weh @ index.aefb2d8c.js:16
flushPostFlushCbs @ index.aefb2d8c.js:16
flushJobs @ index.aefb2d8c.js:16
Promise.then
queueFlush @ index.aefb2d8c.js:16
queueJob @ index.aefb2d8c.js:16
Xe.scheduler @ index.aefb2d8c.js:16
xt.scheduler @ index.aefb2d8c.js:9
trigger @ index.aefb2d8c.js:9
endBatch @ index.aefb2d8c.js:9
notify @ index.aefb2d8c.js:9
trigger @ index.aefb2d8c.js:9
set value @ index.aefb2d8c.js:9
Kt @ index.aefb2d8c.js:45
(anonymous) @ index.aefb2d8c.js:45
Promise.then
jt @ index.aefb2d8c.js:45
Ft @ index.aefb2d8c.js:45
Xe @ index.aefb2d8c.js:45
callWithErrorHandling @ index.aefb2d8c.js:16
callWithAsyncErrorHandling @ index.aefb2d8c.js:16
Be @ index.aefb2d8c.js:20
index.aefb2d8c.js:102  GSAP target .div3,.img2 not found. https://gsap.com
_warn @ index.aefb2d8c.js:102
D @ index.aefb2d8c.js:102
_createTweenType @ index.aefb2d8c.js:102
Be.to @ index.aefb2d8c.js:102
(anonymous) @ index.aefb2d8c.js:582
mounted @ index.aefb2d8c.js:582
(anonymous) @ index.aefb2d8c.js:16
callWithErrorHandling @ index.aefb2d8c.js:16
callWithAsyncErrorHandling @ index.aefb2d8c.js:16
D.__weh.D.__weh @ index.aefb2d8c.js:16
flushPostFlushCbs @ index.aefb2d8c.js:16
flushJobs @ index.aefb2d8c.js:16
Promise.then
queueFlush @ index.aefb2d8c.js:16
queueJob @ index.aefb2d8c.js:16
Xe.scheduler @ index.aefb2d8c.js:16
xt.scheduler @ index.aefb2d8c.js:9
trigger @ index.aefb2d8c.js:9
endBatch @ index.aefb2d8c.js:9
notify @ index.aefb2d8c.js:9
trigger @ index.aefb2d8c.js:9
set value @ index.aefb2d8c.js:9
Kt @ index.aefb2d8c.js:45
(anonymous) @ index.aefb2d8c.js:45
Promise.then
jt @ index.aefb2d8c.js:45
Ft @ index.aefb2d8c.js:45
Xe @ index.aefb2d8c.js:45
callWithErrorHandling @ index.aefb2d8c.js:16
callWithAsyncErrorHandling @ index.aefb2d8c.js:16
Be @ index.aefb2d8c.js:20
index.aefb2d8c.js:102  GSAP target .div3,.img2 not found. https://gsap.com
_warn @ index.aefb2d8c.js:102
D @ index.aefb2d8c.js:102
_createTweenType @ index.aefb2d8c.js:102
Be.to @ index.aefb2d8c.js:102
(anonymous) @ index.aefb2d8c.js:582
mounted @ index.aefb2d8c.js:582
(anonymous) @ index.aefb2d8c.js:16
callWithErrorHandling @ index.aefb2d8c.js:16
callWithAsyncErrorHandling @ index.aefb2d8c.js:16
D.__weh.D.__weh @ index.aefb2d8c.js:16
flushPostFlushCbs @ index.aefb2d8c.js:16
flushJobs @ index.aefb2d8c.js:16
Promise.then
queueFlush @ index.aefb2d8c.js:16
queueJob @ index.aefb2d8c.js:16
Xe.scheduler @ index.aefb2d8c.js:16
xt.scheduler @ index.aefb2d8c.js:9
trigger @ index.aefb2d8c.js:9
endBatch @ index.aefb2d8c.js:9
notify @ index.aefb2d8c.js:9
trigger @ index.aefb2d8c.js:9
set value @ index.aefb2d8c.js:9
Kt @ index.aefb2d8c.js:45
(anonymous) @ index.aefb2d8c.js:45
Promise.then
jt @ index.aefb2d8c.js:45
Ft @ index.aefb2d8c.js:45
Xe @ index.aefb2d8c.js:45
callWithErrorHandling @ index.aefb2d8c.js:16
callWithAsyncErrorHandling @ index.aefb2d8c.js:16
Be @ index.aefb2d8c.js:20
index.aefb2d8c.js:102  GSAP target .div3,.img2 not found. https://gsap.com
_warn @ index.aefb2d8c.js:102
D @ index.aefb2d8c.js:102
_createTweenType @ index.aefb2d8c.js:102
Be.to @ index.aefb2d8c.js:102
(anonymous) @ index.aefb2d8c.js:582
mounted @ index.aefb2d8c.js:582
(anonymous) @ index.aefb2d8c.js:16
callWithErrorHandling @ index.aefb2d8c.js:16
callWithAsyncErrorHandling @ index.aefb2d8c.js:16
D.__weh.D.__weh @ index.aefb2d8c.js:16
flushPostFlushCbs @ index.aefb2d8c.js:16
flushJobs @ index.aefb2d8c.js:16
Promise.then
queueFlush @ index.aefb2d8c.js:16
queueJob @ index.aefb2d8c.js:16
Xe.scheduler @ index.aefb2d8c.js:16
xt.scheduler @ index.aefb2d8c.js:9
trigger @ index.aefb2d8c.js:9
endBatch @ index.aefb2d8c.js:9
notify @ index.aefb2d8c.js:9
trigger @ index.aefb2d8c.js:9
set value @ index.aefb2d8c.js:9
Kt @ index.aefb2d8c.js:45
(anonymous) @ index.aefb2d8c.js:45
Promise.then
jt @ index.aefb2d8c.js:45
Ft @ index.aefb2d8c.js:45
Xe @ index.aefb2d8c.js:45
callWithErrorHandling @ index.aefb2d8c.js:16
callWithAsyncErrorHandling @ index.aefb2d8c.js:16
Be @ index.aefb2d8c.js:20
index.aefb2d8c.js:102  GSAP target .div3,.img2 not found. https://gsap.com
_warn @ index.aefb2d8c.js:102
D @ index.aefb2d8c.js:102
_createTweenType @ index.aefb2d8c.js:102
Be.to @ index.aefb2d8c.js:102
(anonymous) @ index.aefb2d8c.js:582
mounted @ index.aefb2d8c.js:582
(anonymous) @ index.aefb2d8c.js:16
callWithErrorHandling @ index.aefb2d8c.js:16
callWithAsyncErrorHandling @ index.aefb2d8c.js:16
D.__weh.D.__weh @ index.aefb2d8c.js:16
flushPostFlushCbs @ index.aefb2d8c.js:16
flushJobs @ index.aefb2d8c.js:16
Promise.then
queueFlush @ index.aefb2d8c.js:16
queueJob @ index.aefb2d8c.js:16
Xe.scheduler @ index.aefb2d8c.js:16
xt.scheduler @ index.aefb2d8c.js:9
trigger @ index.aefb2d8c.js:9
endBatch @ index.aefb2d8c.js:9
notify @ index.aefb2d8c.js:9
trigger @ index.aefb2d8c.js:9
set value @ index.aefb2d8c.js:9
Kt @ index.aefb2d8c.js:45
(anonymous) @ index.aefb2d8c.js:45
Promise.then
jt @ index.aefb2d8c.js:45
Ft @ index.aefb2d8c.js:45
Xe @ index.aefb2d8c.js:45
callWithErrorHandling @ index.aefb2d8c.js:16
callWithAsyncErrorHandling @ index.aefb2d8c.js:16
Be @ index.aefb2d8c.js:20
index.aefb2d8c.js:102  GSAP target .div3,.img2 not found. https://gsap.com
_warn @ index.aefb2d8c.js:102
D @ index.aefb2d8c.js:102
_createTweenType @ index.aefb2d8c.js:102
Be.to @ index.aefb2d8c.js:102
(anonymous) @ index.aefb2d8c.js:582
mounted @ index.aefb2d8c.js:582
(anonymous) @ index.aefb2d8c.js:16
callWithErrorHandling @ index.aefb2d8c.js:16
callWithAsyncErrorHandling @ index.aefb2d8c.js:16
D.__weh.D.__weh @ index.aefb2d8c.js:16
flushPostFlushCbs @ index.aefb2d8c.js:16
flushJobs @ index.aefb2d8c.js:16
Promise.then
queueFlush @ index.aefb2d8c.js:16
queueJob @ index.aefb2d8c.js:16
Xe.scheduler @ index.aefb2d8c.js:16
xt.scheduler @ index.aefb2d8c.js:9
trigger @ index.aefb2d8c.js:9
endBatch @ index.aefb2d8c.js:9
notify @ index.aefb2d8c.js:9
trigger @ index.aefb2d8c.js:9
set value @ index.aefb2d8c.js:9
Kt @ index.aefb2d8c.js:45
(anonymous) @ index.aefb2d8c.js:45
Promise.then
jt @ index.aefb2d8c.js:45
Ft @ index.aefb2d8c.js:45
Xe @ index.aefb2d8c.js:45
callWithErrorHandling @ index.aefb2d8c.js:16
callWithAsyncErrorHandling @ index.aefb2d8c.js:16
Be @ index.aefb2d8c.js:20
index.aefb2d8c.js:102  GSAP target .div3,.img2 not found. https://gsap.com
_warn @ index.aefb2d8c.js:102
D @ index.aefb2d8c.js:102
_createTweenType @ index.aefb2d8c.js:102
Be.to @ index.aefb2d8c.js:102
(anonymous) @ index.aefb2d8c.js:582
mounted @ index.aefb2d8c.js:582
(anonymous) @ index.aefb2d8c.js:16
callWithErrorHandling @ index.aefb2d8c.js:16
callWithAsyncErrorHandling @ index.aefb2d8c.js:16
D.__weh.D.__weh @ index.aefb2d8c.js:16
flushPostFlushCbs @ index.aefb2d8c.js:16
flushJobs @ index.aefb2d8c.js:16
Promise.then
queueFlush @ index.aefb2d8c.js:16
queueJob @ index.aefb2d8c.js:16
Xe.scheduler @ index.aefb2d8c.js:16
xt.scheduler @ index.aefb2d8c.js:9
trigger @ index.aefb2d8c.js:9
endBatch @ index.aefb2d8c.js:9
notify @ index.aefb2d8c.js:9
trigger @ index.aefb2d8c.js:9
set value @ index.aefb2d8c.js:9
Kt @ index.aefb2d8c.js:45
(anonymous) @ index.aefb2d8c.js:45
Promise.then
jt @ index.aefb2d8c.js:45
Ft @ index.aefb2d8c.js:45
Xe @ index.aefb2d8c.js:45
callWithErrorHandling @ index.aefb2d8c.js:16
callWithAsyncErrorHandling @ index.aefb2d8c.js:16
Be @ index.aefb2d8c.js:20
index.aefb2d8c.js:102  GSAP target .div3,.img2 not found. https://gsap.com
_warn @ index.aefb2d8c.js:102
D @ index.aefb2d8c.js:102
_createTweenType @ index.aefb2d8c.js:102
Be.to @ index.aefb2d8c.js:102
(anonymous) @ index.aefb2d8c.js:582
mounted @ index.aefb2d8c.js:582
(anonymous) @ index.aefb2d8c.js:16
callWithErrorHandling @ index.aefb2d8c.js:16
callWithAsyncErrorHandling @ index.aefb2d8c.js:16
D.__weh.D.__weh @ index.aefb2d8c.js:16
flushPostFlushCbs @ index.aefb2d8c.js:16
flushJobs @ index.aefb2d8c.js:16
Promise.then
queueFlush @ index.aefb2d8c.js:16
queueJob @ index.aefb2d8c.js:16
Xe.scheduler @ index.aefb2d8c.js:16
xt.scheduler @ index.aefb2d8c.js:9
trigger @ index.aefb2d8c.js:9
endBatch @ index.aefb2d8c.js:9
notify @ index.aefb2d8c.js:9
trigger @ index.aefb2d8c.js:9
set value @ index.aefb2d8c.js:9
Kt @ index.aefb2d8c.js:45
(anonymous) @ index.aefb2d8c.js:45
Promise.then
jt @ index.aefb2d8c.js:45
Ft @ index.aefb2d8c.js:45
Xe @ index.aefb2d8c.js:45
callWithErrorHandling @ index.aefb2d8c.js:16
callWithAsyncErrorHandling @ index.aefb2d8c.js:16
Be @ index.aefb2d8c.js:20
index.aefb2d8c.js:102  GSAP target .div3,.img2 not found. https://gsap.com
_warn @ index.aefb2d8c.js:102
D @ index.aefb2d8c.js:102
_createTweenType @ index.aefb2d8c.js:102
Be.to @ index.aefb2d8c.js:102
(anonymous) @ index.aefb2d8c.js:582
mounted @ index.aefb2d8c.js:582
(anonymous) @ index.aefb2d8c.js:16
callWithErrorHandling @ index.aefb2d8c.js:16
callWithAsyncErrorHandling @ index.aefb2d8c.js:16
D.__weh.D.__weh @ index.aefb2d8c.js:16
flushPostFlushCbs @ index.aefb2d8c.js:16
flushJobs @ index.aefb2d8c.js:16
Promise.then
queueFlush @ index.aefb2d8c.js:16
queueJob @ index.aefb2d8c.js:16
Xe.scheduler @ index.aefb2d8c.js:16
xt.scheduler @ index.aefb2d8c.js:9
trigger @ index.aefb2d8c.js:9
endBatch @ index.aefb2d8c.js:9
notify @ index.aefb2d8c.js:9
trigger @ index.aefb2d8c.js:9
set value @ index.aefb2d8c.js:9
Kt @ index.aefb2d8c.js:45
(anonymous) @ index.aefb2d8c.js:45
Promise.then
jt @ index.aefb2d8c.js:45
Ft @ index.aefb2d8c.js:45
Xe @ index.aefb2d8c.js:45
callWithErrorHandling @ index.aefb2d8c.js:16
callWithAsyncErrorHandling @ index.aefb2d8c.js:16
Be @ index.aefb2d8c.js:20
index.aefb2d8c.js:102  GSAP target .div3,.img2 not found. https://gsap.com
_warn @ index.aefb2d8c.js:102
D @ index.aefb2d8c.js:102
_createTweenType @ index.aefb2d8c.js:102
Be.to @ index.aefb2d8c.js:102
(anonymous) @ index.aefb2d8c.js:582
mounted @ index.aefb2d8c.js:582
(anonymous) @ index.aefb2d8c.js:16
callWithErrorHandling @ index.aefb2d8c.js:16
callWithAsyncErrorHandling @ index.aefb2d8c.js:16
D.__weh.D.__weh @ index.aefb2d8c.js:16
flushPostFlushCbs @ index.aefb2d8c.js:16
flushJobs @ index.aefb2d8c.js:16
Promise.then
queueFlush @ index.aefb2d8c.js:16
queueJob @ index.aefb2d8c.js:16
Xe.scheduler @ index.aefb2d8c.js:16
xt.scheduler @ index.aefb2d8c.js:9
trigger @ index.aefb2d8c.js:9
endBatch @ index.aefb2d8c.js:9
notify @ index.aefb2d8c.js:9
trigger @ index.aefb2d8c.js:9
set value @ index.aefb2d8c.js:9
Kt @ index.aefb2d8c.js:45
(anonymous) @ index.aefb2d8c.js:45
Promise.then
jt @ index.aefb2d8c.js:45
Ft @ index.aefb2d8c.js:45
Xe @ index.aefb2d8c.js:45
callWithErrorHandling @ index.aefb2d8c.js:16
callWithAsyncErrorHandling @ index.aefb2d8c.js:16
Be @ index.aefb2d8c.js:20
index.aefb2d8c.js:102  GSAP target .div3,.img2 not found. https://gsap.com
_warn @ index.aefb2d8c.js:102
D @ index.aefb2d8c.js:102
_createTweenType @ index.aefb2d8c.js:102
Be.to @ index.aefb2d8c.js:102
(anonymous) @ index.aefb2d8c.js:582
mounted @ index.aefb2d8c.js:582
(anonymous) @ index.aefb2d8c.js:16
callWithErrorHandling @ index.aefb2d8c.js:16
callWithAsyncErrorHandling @ index.aefb2d8c.js:16
D.__weh.D.__weh @ index.aefb2d8c.js:16
flushPostFlushCbs @ index.aefb2d8c.js:16
flushJobs @ index.aefb2d8c.js:16
Promise.then
queueFlush @ index.aefb2d8c.js:16
queueJob @ index.aefb2d8c.js:16
Xe.scheduler @ index.aefb2d8c.js:16
xt.scheduler @ index.aefb2d8c.js:9
trigger @ index.aefb2d8c.js:9
endBatch @ index.aefb2d8c.js:9
notify @ index.aefb2d8c.js:9
trigger @ index.aefb2d8c.js:9
set value @ index.aefb2d8c.js:9
Kt @ index.aefb2d8c.js:45
(anonymous) @ index.aefb2d8c.js:45
Promise.then
jt @ index.aefb2d8c.js:45
Ft @ index.aefb2d8c.js:45
Xe @ index.aefb2d8c.js:45
callWithErrorHandling @ index.aefb2d8c.js:16
callWithAsyncErrorHandling @ index.aefb2d8c.js:16
Be @ index.aefb2d8c.js:20
index.aefb2d8c.js:102  GSAP target .div3,.img2 not found. https://gsap.com
_warn @ index.aefb2d8c.js:102
D @ index.aefb2d8c.js:102
_createTweenType @ index.aefb2d8c.js:102
Be.to @ index.aefb2d8c.js:102
(anonymous) @ index.aefb2d8c.js:582
mounted @ index.aefb2d8c.js:582
(anonymous) @ index.aefb2d8c.js:16
callWithErrorHandling @ index.aefb2d8c.js:16
callWithAsyncErrorHandling @ index.aefb2d8c.js:16
D.__weh.D.__weh @ index.aefb2d8c.js:16
flushPostFlushCbs @ index.aefb2d8c.js:16
flushJobs @ index.aefb2d8c.js:16
Promise.then
queueFlush @ index.aefb2d8c.js:16
queueJob @ index.aefb2d8c.js:16
Xe.scheduler @ index.aefb2d8c.js:16
xt.scheduler @ index.aefb2d8c.js:9
trigger @ index.aefb2d8c.js:9
endBatch @ index.aefb2d8c.js:9
notify @ index.aefb2d8c.js:9
trigger @ index.aefb2d8c.js:9
set value @ index.aefb2d8c.js:9
Kt @ index.aefb2d8c.js:45
(anonymous) @ index.aefb2d8c.js:45
Promise.then
jt @ index.aefb2d8c.js:45
Ft @ index.aefb2d8c.js:45
Xe @ index.aefb2d8c.js:45
callWithErrorHandling @ index.aefb2d8c.js:16
callWithAsyncErrorHandling @ index.aefb2d8c.js:16
Be @ index.aefb2d8c.js:20
index.aefb2d8c.js:102  GSAP target .div3,.img2 not found. https://gsap.com
_warn @ index.aefb2d8c.js:102
D @ index.aefb2d8c.js:102
_createTweenType @ index.aefb2d8c.js:102
Be.to @ index.aefb2d8c.js:102
(anonymous) @ index.aefb2d8c.js:582
mounted @ index.aefb2d8c.js:582
(anonymous) @ index.aefb2d8c.js:16
callWithErrorHandling @ index.aefb2d8c.js:16
callWithAsyncErrorHandling @ index.aefb2d8c.js:16
D.__weh.D.__weh @ index.aefb2d8c.js:16
flushPostFlushCbs @ index.aefb2d8c.js:16
flushJobs @ index.aefb2d8c.js:16
Promise.then
queueFlush @ index.aefb2d8c.js:16
queueJob @ index.aefb2d8c.js:16
Xe.scheduler @ index.aefb2d8c.js:16
xt.scheduler @ index.aefb2d8c.js:9
trigger @ index.aefb2d8c.js:9
endBatch @ index.aefb2d8c.js:9
notify @ index.aefb2d8c.js:9
trigger @ index.aefb2d8c.js:9
set value @ index.aefb2d8c.js:9
Kt @ index.aefb2d8c.js:45
(anonymous) @ index.aefb2d8c.js:45
Promise.then
jt @ index.aefb2d8c.js:45
Ft @ index.aefb2d8c.js:45
Xe @ index.aefb2d8c.js:45
callWithErrorHandling @ index.aefb2d8c.js:16
callWithAsyncErrorHandling @ index.aefb2d8c.js:16
Be @ index.aefb2d8c.js:20
index.aefb2d8c.js:102  GSAP target .div3,.img2 not found. https://gsap.com
_warn @ index.aefb2d8c.js:102
D @ index.aefb2d8c.js:102
_createTweenType @ index.aefb2d8c.js:102
Be.to @ index.aefb2d8c.js:102
(anonymous) @ index.aefb2d8c.js:582
mounted @ index.aefb2d8c.js:582
(anonymous) @ index.aefb2d8c.js:16
callWithErrorHandling @ index.aefb2d8c.js:16
callWithAsyncErrorHandling @ index.aefb2d8c.js:16
D.__weh.D.__weh @ index.aefb2d8c.js:16
flushPostFlushCbs @ index.aefb2d8c.js:16
flushJobs @ index.aefb2d8c.js:16
Promise.then
queueFlush @ index.aefb2d8c.js:16
queueJob @ index.aefb2d8c.js:16
Xe.scheduler @ index.aefb2d8c.js:16
xt.scheduler @ index.aefb2d8c.js:9
trigger @ index.aefb2d8c.js:9
endBatch @ index.aefb2d8c.js:9
notify @ index.aefb2d8c.js:9
trigger @ index.aefb2d8c.js:9
set value @ index.aefb2d8c.js:9
Kt @ index.aefb2d8c.js:45
(anonymous) @ index.aefb2d8c.js:45
Promise.then
jt @ index.aefb2d8c.js:45
Ft @ index.aefb2d8c.js:45
Xe @ index.aefb2d8c.js:45
callWithErrorHandling @ index.aefb2d8c.js:16
callWithAsyncErrorHandling @ index.aefb2d8c.js:16
Be @ index.aefb2d8c.js:20
index.aefb2d8c.js:102  GSAP target .div3,.img2 not found. https://gsap.com
_warn @ index.aefb2d8c.js:102
D @ index.aefb2d8c.js:102
_createTweenType @ index.aefb2d8c.js:102
Be.to @ index.aefb2d8c.js:102
(anonymous) @ index.aefb2d8c.js:582
mounted @ index.aefb2d8c.js:582
(anonymous) @ index.aefb2d8c.js:16
callWithErrorHandling @ index.aefb2d8c.js:16
callWithAsyncErrorHandling @ index.aefb2d8c.js:16
D.__weh.D.__weh @ index.aefb2d8c.js:16
flushPostFlushCbs @ index.aefb2d8c.js:16
flushJobs @ index.aefb2d8c.js:16
Promise.then
queueFlush @ index.aefb2d8c.js:16
queueJob @ index.aefb2d8c.js:16
Xe.scheduler @ index.aefb2d8c.js:16
xt.scheduler @ index.aefb2d8c.js:9
trigger @ index.aefb2d8c.js:9
endBatch @ index.aefb2d8c.js:9
notify @ index.aefb2d8c.js:9
trigger @ index.aefb2d8c.js:9
set value @ index.aefb2d8c.js:9
Kt @ index.aefb2d8c.js:45
(anonymous) @ index.aefb2d8c.js:45
Promise.then
jt @ index.aefb2d8c.js:45
Ft @ index.aefb2d8c.js:45
Xe @ index.aefb2d8c.js:45
callWithErrorHandling @ index.aefb2d8c.js:16
callWithAsyncErrorHandling @ index.aefb2d8c.js:16
Be @ index.aefb2d8c.js:20
index.aefb2d8c.js:102  GSAP target .div3,.img2 not found. https://gsap.com
_warn @ index.aefb2d8c.js:102
D @ index.aefb2d8c.js:102
_createTweenType @ index.aefb2d8c.js:102
Be.to @ index.aefb2d8c.js:102
(anonymous) @ index.aefb2d8c.js:582
mounted @ index.aefb2d8c.js:582
(anonymous) @ index.aefb2d8c.js:16
callWithErrorHandling @ index.aefb2d8c.js:16
callWithAsyncErrorHandling @ index.aefb2d8c.js:16
D.__weh.D.__weh @ index.aefb2d8c.js:16
flushPostFlushCbs @ index.aefb2d8c.js:16
flushJobs @ index.aefb2d8c.js:16
Promise.then
queueFlush @ index.aefb2d8c.js:16
queueJob @ index.aefb2d8c.js:16
Xe.scheduler @ index.aefb2d8c.js:16
xt.scheduler @ index.aefb2d8c.js:9
trigger @ index.aefb2d8c.js:9
endBatch @ index.aefb2d8c.js:9
notify @ index.aefb2d8c.js:9
trigger @ index.aefb2d8c.js:9
set value @ index.aefb2d8c.js:9
Kt @ index.aefb2d8c.js:45
(anonymous) @ index.aefb2d8c.js:45
Promise.then
jt @ index.aefb2d8c.js:45
Ft @ index.aefb2d8c.js:45
Xe @ index.aefb2d8c.js:45
callWithErrorHandling @ index.aefb2d8c.js:16
callWithAsyncErrorHandling @ index.aefb2d8c.js:16
Be @ index.aefb2d8c.js:20
index.aefb2d8c.js:102  GSAP target .div3,.img2 not found. https://gsap.com
_warn @ index.aefb2d8c.js:102
D @ index.aefb2d8c.js:102
_createTweenType @ index.aefb2d8c.js:102
Be.to @ index.aefb2d8c.js:102
(anonymous) @ index.aefb2d8c.js:582
mounted @ index.aefb2d8c.js:582
(anonymous) @ index.aefb2d8c.js:16
callWithErrorHandling @ index.aefb2d8c.js:16
callWithAsyncErrorHandling @ index.aefb2d8c.js:16
D.__weh.D.__weh @ index.aefb2d8c.js:16
flushPostFlushCbs @ index.aefb2d8c.js:16
flushJobs @ index.aefb2d8c.js:16
Promise.then
queueFlush @ index.aefb2d8c.js:16
queueJob @ index.aefb2d8c.js:16
Xe.scheduler @ index.aefb2d8c.js:16
xt.scheduler @ index.aefb2d8c.js:9
trigger @ index.aefb2d8c.js:9
endBatch @ index.aefb2d8c.js:9
notify @ index.aefb2d8c.js:9
trigger @ index.aefb2d8c.js:9
set value @ index.aefb2d8c.js:9
Kt @ index.aefb2d8c.js:45
(anonymous) @ index.aefb2d8c.js:45
Promise.then
jt @ index.aefb2d8c.js:45
Ft @ index.aefb2d8c.js:45
Xe @ index.aefb2d8c.js:45
callWithErrorHandling @ index.aefb2d8c.js:16
callWithAsyncErrorHandling @ index.aefb2d8c.js:16
Be @ index.aefb2d8c.js:20
index.aefb2d8c.js:102  GSAP target .div3,.img2 not found. https://gsap.com
_warn @ index.aefb2d8c.js:102
D @ index.aefb2d8c.js:102
_createTweenType @ index.aefb2d8c.js:102
Be.to @ index.aefb2d8c.js:102
(anonymous) @ index.aefb2d8c.js:582
mounted @ index.aefb2d8c.js:582
(anonymous) @ index.aefb2d8c.js:16
callWithErrorHandling @ index.aefb2d8c.js:16
callWithAsyncErrorHandling @ index.aefb2d8c.js:16
D.__weh.D.__weh @ index.aefb2d8c.js:16
flushPostFlushCbs @ index.aefb2d8c.js:16
flushJobs @ index.aefb2d8c.js:16
Promise.then
queueFlush @ index.aefb2d8c.js:16
queueJob @ index.aefb2d8c.js:16
Xe.scheduler @ index.aefb2d8c.js:16
xt.scheduler @ index.aefb2d8c.js:9
trigger @ index.aefb2d8c.js:9
endBatch @ index.aefb2d8c.js:9
notify @ index.aefb2d8c.js:9
trigger @ index.aefb2d8c.js:9
set value @ index.aefb2d8c.js:9
Kt @ index.aefb2d8c.js:45
(anonymous) @ index.aefb2d8c.js:45
Promise.then
jt @ index.aefb2d8c.js:45
Ft @ index.aefb2d8c.js:45
Xe @ index.aefb2d8c.js:45
callWithErrorHandling @ index.aefb2d8c.js:16
callWithAsyncErrorHandling @ index.aefb2d8c.js:16
Be @ index.aefb2d8c.js:20
[Violation] 'setTimeout' handler took <N>ms
[Violation] 'setTimeout' handler took <N>ms
[Violation] 'setTimeout' handler took <N>ms
[Violation] 'setTimeout' handler took <N>ms
[Violation] 'setTimeout' handler took <N>ms
[Violation] 'setTimeout' handler took <N>ms
[Violation] 'setTimeout' handler took <N>ms
[Violation] 'setTimeout' handler took <N>ms
[Violation] 'setTimeout' handler took <N>ms
[Violation] 'setTimeout' handler took <N>ms
[Violation] 'setTimeout' handler took <N>ms
[Violation] 'setTimeout' handler took <N>ms
[Violation] 'setTimeout' handler took <N>ms
[Violation] 'setTimeout' handler took <N>ms
[Violation] 'setTimeout' handler took <N>ms
[Violation] 'setTimeout' handler took <N>ms
[Violation] 'setTimeout' handler took <N>ms
[Violation] 'setTimeout' handler took <N>ms
[Violation] 'setTimeout' handler took <N>ms
[Violation] 'setTimeout' handler took <N>ms
[Violation] 'setTimeout' handler took <N>ms
[Violation] 'setTimeout' handler took <N>ms
[Violation] 'setTimeout' handler took <N>ms
[Violation] 'setTimeout' handler took <N>ms
[Violation] 'setTimeout' handler took <N>ms
[Violation] 'setTimeout' handler took <N>ms
[Violation] 'setTimeout' handler took <N>ms
[Violation] 'setTimeout' handler took <N>ms
[Violation] 'setTimeout' handler took <N>ms
[Violation] 'setTimeout' handler took <N>ms
[Violation] Forced reflow while executing JavaScript took <N>ms
[Violation] Forced reflow while executing JavaScript took <N>ms
[Violation] Forced reflow while executing JavaScript took <N>ms
[Violation] Forced reflow while executing JavaScript took <N>ms
[Violation] Forced reflow while executing JavaScript took <N>ms
[Violation] Forced reflow while executing JavaScript took <N>ms
[Violation] Forced reflow while executing JavaScript took <N>ms
[Violation] Forced reflow while executing JavaScript took <N>ms
[Violation] Forced reflow while executing JavaScript took <N>ms
[Violation] Forced reflow while executing JavaScript took <N>ms
[Violation] Forced reflow while executing JavaScript took <N>ms
[Violation] Forced reflow while executing JavaScript took <N>ms
chunk-249-8001f794.js:4  Setting overlaysContent is only supported from the top level browsing context
(anonymous) @ chunk-249-8001f794.js:4
N @ 293-0de873d2.js:17
T @ 293-0de873d2.js:17
n @ 293-0de873d2.js:11
setTimeout
(anonymous) @ 293-0de873d2.js:14
n @ 293-0de873d2.js:17
n @ 293-0de873d2.js:11
setTimeout
(anonymous) @ 293-0de873d2.js:14
(anonymous) @ 293-0de873d2.js:17
c.diffed @ 293-0de873d2.js:17
o.fF.diffed @ 189-96a86721.js:1
N @ 293-0de873d2.js:17
A @ 293-0de873d2.js:17
Promise.then
j @ 293-0de873d2.js:17
w.setState @ 293-0de873d2.js:17
o.__c.o.__ @ 293-0de873d2.js:17
(anonymous) @ chunk-442-00cebe3d.js:15
s @ 189-96a86721.js:1
(anonymous) @ chunk-442-00cebe3d.js:15
replace @ chunk-442-00cebe3d.js:15
(anonymous) @ chunk-442-00cebe3d.js:13
(anonymous) @ chunk-442-00cebe3d.js:15
N @ 293-0de873d2.js:17
T @ 293-0de873d2.js:17
n @ 293-0de873d2.js:11
setTimeout
(anonymous) @ 293-0de873d2.js:14
n @ 293-0de873d2.js:17
n @ 293-0de873d2.js:11
setTimeout
(anonymous) @ 293-0de873d2.js:14
(anonymous) @ 293-0de873d2.js:17
c.diffed @ 293-0de873d2.js:17
o.fF.diffed @ 189-96a86721.js:1
N @ 293-0de873d2.js:17
A @ 293-0de873d2.js:17
Promise.then
j @ 293-0de873d2.js:17
w.setState @ 293-0de873d2.js:17
o.__c.o.__ @ 293-0de873d2.js:17
(anonymous) @ 189-96a86721.js:1
(anonymous) @ 342-78416a47.js:1
t.runReaction_ @ 293-0de873d2.js:17
th @ 293-0de873d2.js:17
tc @ 293-0de873d2.js:17
(anonymous) @ 293-0de873d2.js:17
et @ 189-96a86721.js:1
tc @ 293-0de873d2.js:17
tf @ 293-0de873d2.js:17
ts @ 293-0de873d2.js:17
eF @ 293-0de873d2.js:17
ObservableObject.key @ 293-0de873d2.js:17
(anonymous) @ chunk-249-8001f794.js:4
N @ 293-0de873d2.js:17
T @ 293-0de873d2.js:17
n @ 293-0de873d2.js:11
setTimeout
(anonymous) @ 293-0de873d2.js:14
n @ 293-0de873d2.js:17
n @ 293-0de873d2.js:11
setTimeout
(anonymous) @ 293-0de873d2.js:14
(anonymous) @ 293-0de873d2.js:17
c.diffed @ 293-0de873d2.js:17
o.fF.diffed @ 189-96a86721.js:1
N @ 293-0de873d2.js:17
P @ 293-0de873d2.js:17
N @ 293-0de873d2.js:17
P @ 293-0de873d2.js:17
N @ 293-0de873d2.js:17
P @ 293-0de873d2.js:17
N @ 293-0de873d2.js:17
P @ 293-0de873d2.js:17
N @ 293-0de873d2.js:17
P @ 293-0de873d2.js:17
N @ 293-0de873d2.js:17
P @ 293-0de873d2.js:17
(anonymous) @ 293-0de873d2.js:17
N @ 293-0de873d2.js:17
P @ 293-0de873d2.js:17
N @ 293-0de873d2.js:17
P @ 293-0de873d2.js:17
N @ 293-0de873d2.js:17
P @ 293-0de873d2.js:17
N @ 293-0de873d2.js:17
P @ 293-0de873d2.js:17
N @ 293-0de873d2.js:17
P @ 293-0de873d2.js:17
N @ 293-0de873d2.js:17
P @ 293-0de873d2.js:17
N @ 293-0de873d2.js:17
P @ 293-0de873d2.js:17
N @ 293-0de873d2.js:17
P @ 293-0de873d2.js:17
N @ 293-0de873d2.js:17
P @ 293-0de873d2.js:17
N @ 293-0de873d2.js:17
P @ 293-0de873d2.js:17
N @ 293-0de873d2.js:17
P @ 293-0de873d2.js:17
N @ 293-0de873d2.js:17
P @ 293-0de873d2.js:17
N @ 293-0de873d2.js:17
P @ 293-0de873d2.js:17
N @ 293-0de873d2.js:17
P @ 293-0de873d2.js:17
N @ 293-0de873d2.js:17
P @ 293-0de873d2.js:17
N @ 293-0de873d2.js:17
A @ 293-0de873d2.js:17
Promise.then
j @ 293-0de873d2.js:17
w.setState @ 293-0de873d2.js:17
l @ 189-96a86721.js:1
a @ 189-96a86721.js:1
Promise.then
__c @ 189-96a86721.js:1
o.fF.__e @ 189-96a86721.js:1
N @ 293-0de873d2.js:17
P @ 293-0de873d2.js:17
N @ 293-0de873d2.js:17
P @ 293-0de873d2.js:17
N @ 293-0de873d2.js:17
P @ 293-0de873d2.js:17
N @ 293-0de873d2.js:17
I @ 293-0de873d2.js:17
P @ 189-96a86721.js:1
7004 @ app-c4feba49.js:1
r @ app-c4feba49.js:1
(anonymous) @ app-c4feba49.js:18
r.O @ app-c4feba49.js:1
(anonymous) @ app-c4feba49.js:18
(anonymous) @ app-c4feba49.js:18
init.js:1 Loaded
chunk-249-8001f794.js:4  Setting overlaysContent is only supported from the top level browsing context
(anonymous) @ chunk-249-8001f794.js:4
N @ 293-0de873d2.js:17
T @ 293-0de873d2.js:17
n @ 293-0de873d2.js:11
setTimeout
(anonymous) @ 293-0de873d2.js:14
n @ 293-0de873d2.js:17
n @ 293-0de873d2.js:11
setTimeout
(anonymous) @ 293-0de873d2.js:14
(anonymous) @ 293-0de873d2.js:17
c.diffed @ 293-0de873d2.js:17
o.fF.diffed @ 189-96a86721.js:1
N @ 293-0de873d2.js:17
A @ 293-0de873d2.js:17
Promise.then
j @ 293-0de873d2.js:17
w.setState @ 293-0de873d2.js:17
o.__c.o.__ @ 293-0de873d2.js:17
(anonymous) @ chunk-442-00cebe3d.js:15
s @ 189-96a86721.js:1
(anonymous) @ chunk-442-00cebe3d.js:15
replace @ chunk-442-00cebe3d.js:15
(anonymous) @ chunk-442-00cebe3d.js:13
(anonymous) @ chunk-442-00cebe3d.js:15
N @ 293-0de873d2.js:17
T @ 293-0de873d2.js:17
n @ 293-0de873d2.js:11
setTimeout
(anonymous) @ 293-0de873d2.js:14
n @ 293-0de873d2.js:17
n @ 293-0de873d2.js:11
setTimeout
(anonymous) @ 293-0de873d2.js:14
(anonymous) @ 293-0de873d2.js:17
c.diffed @ 293-0de873d2.js:17
o.fF.diffed @ 189-96a86721.js:1
N @ 293-0de873d2.js:17
A @ 293-0de873d2.js:17
Promise.then
j @ 293-0de873d2.js:17
w.setState @ 293-0de873d2.js:17
o.__c.o.__ @ 293-0de873d2.js:17
(anonymous) @ 189-96a86721.js:1
(anonymous) @ 342-78416a47.js:1
t.runReaction_ @ 293-0de873d2.js:17
th @ 293-0de873d2.js:17
tc @ 293-0de873d2.js:17
(anonymous) @ 293-0de873d2.js:17
et @ 189-96a86721.js:1
tc @ 293-0de873d2.js:17
tf @ 293-0de873d2.js:17
ts @ 293-0de873d2.js:17
eF @ 293-0de873d2.js:17
ObservableObject.key @ 293-0de873d2.js:17
(anonymous) @ chunk-249-8001f794.js:4
N @ 293-0de873d2.js:17
T @ 293-0de873d2.js:17
n @ 293-0de873d2.js:11
setTimeout
(anonymous) @ 293-0de873d2.js:14
n @ 293-0de873d2.js:17
n @ 293-0de873d2.js:11
setTimeout
(anonymous) @ 293-0de873d2.js:14
(anonymous) @ 293-0de873d2.js:17
c.diffed @ 293-0de873d2.js:17
o.fF.diffed @ 189-96a86721.js:1
N @ 293-0de873d2.js:17
P @ 293-0de873d2.js:17
N @ 293-0de873d2.js:17
P @ 293-0de873d2.js:17
N @ 293-0de873d2.js:17
P @ 293-0de873d2.js:17
N @ 293-0de873d2.js:17
P @ 293-0de873d2.js:17
N @ 293-0de873d2.js:17
P @ 293-0de873d2.js:17
N @ 293-0de873d2.js:17
P @ 293-0de873d2.js:17
(anonymous) @ 293-0de873d2.js:17
N @ 293-0de873d2.js:17
P @ 293-0de873d2.js:17
N @ 293-0de873d2.js:17
P @ 293-0de873d2.js:17
N @ 293-0de873d2.js:17
P @ 293-0de873d2.js:17
N @ 293-0de873d2.js:17
P @ 293-0de873d2.js:17
N @ 293-0de873d2.js:17
P @ 293-0de873d2.js:17
N @ 293-0de873d2.js:17
P @ 293-0de873d2.js:17
N @ 293-0de873d2.js:17
P @ 293-0de873d2.js:17
N @ 293-0de873d2.js:17
P @ 293-0de873d2.js:17
N @ 293-0de873d2.js:17
P @ 293-0de873d2.js:17
N @ 293-0de873d2.js:17
P @ 293-0de873d2.js:17
N @ 293-0de873d2.js:17
P @ 293-0de873d2.js:17
N @ 293-0de873d2.js:17
P @ 293-0de873d2.js:17
N @ 293-0de873d2.js:17
P @ 293-0de873d2.js:17
N @ 293-0de873d2.js:17
P @ 293-0de873d2.js:17
N @ 293-0de873d2.js:17
P @ 293-0de873d2.js:17
N @ 293-0de873d2.js:17
A @ 293-0de873d2.js:17
Promise.then
j @ 293-0de873d2.js:17
w.setState @ 293-0de873d2.js:17
l @ 189-96a86721.js:1
a @ 189-96a86721.js:1
Promise.then
__c @ 189-96a86721.js:1
o.fF.__e @ 189-96a86721.js:1
N @ 293-0de873d2.js:17
P @ 293-0de873d2.js:17
N @ 293-0de873d2.js:17
P @ 293-0de873d2.js:17
N @ 293-0de873d2.js:17
P @ 293-0de873d2.js:17
N @ 293-0de873d2.js:17
I @ 293-0de873d2.js:17
P @ 189-96a86721.js:1
7004 @ app-c4feba49.js:1
r @ app-c4feba49.js:1
(anonymous) @ app-c4feba49.js:18
r.O @ app-c4feba49.js:1
(anonymous) @ app-c4feba49.js:18
(anonymous) @ app-c4feba49.js:18
init.js:1 Loaded
vcd15cbe7772f49c399c6a5babf22c1241717689176015:1   POST https://runehall.com/cdn-cgi/rum? 404 (Not Found)
t.sendObjectBeacon @ vcd15cbe7772f49c399c6a5babf22c1241717689176015:1
P @ vcd15cbe7772f49c399c6a5babf22c1241717689176015:1
(anonymous) @ vcd15cbe7772f49c399c6a5babf22c1241717689176015:1
index.aefb2d8c.js:102  GSAP target .div3,.img2 not found. https://gsap.com
_warn @ index.aefb2d8c.js:102
D @ index.aefb2d8c.js:102
_createTweenType @ index.aefb2d8c.js:102
Be.to @ index.aefb2d8c.js:102
(anonymous) @ index.aefb2d8c.js:582
mounted @ index.aefb2d8c.js:582
(anonymous) @ index.aefb2d8c.js:16
callWithErrorHandling @ index.aefb2d8c.js:16
callWithAsyncErrorHandling @ index.aefb2d8c.js:16
D.__weh.D.__weh @ index.aefb2d8c.js:16
flushPostFlushCbs @ index.aefb2d8c.js:16
flushJobs @ index.aefb2d8c.js:16
Promise.then
queueFlush @ index.aefb2d8c.js:16
queueJob @ index.aefb2d8c.js:16
Xe.scheduler @ index.aefb2d8c.js:16
xt.scheduler @ index.aefb2d8c.js:9
trigger @ index.aefb2d8c.js:9
endBatch @ index.aefb2d8c.js:9
notify @ index.aefb2d8c.js:9
trigger @ index.aefb2d8c.js:9
set value @ index.aefb2d8c.js:9
Kt @ index.aefb2d8c.js:45
(anonymous) @ index.aefb2d8c.js:45
Promise.then
jt @ index.aefb2d8c.js:45
Ft @ index.aefb2d8c.js:45
Xe @ index.aefb2d8c.js:45
callWithErrorHandling @ index.aefb2d8c.js:16
callWithAsyncErrorHandling @ index.aefb2d8c.js:16
Be @ index.aefb2d8c.js:20
index.aefb2d8c.js:102  GSAP target .div3,.img2 not found. https://gsap.com
_warn @ index.aefb2d8c.js:102
D @ index.aefb2d8c.js:102
_createTweenType @ index.aefb2d8c.js:102
Be.to @ index.aefb2d8c.js:102
(anonymous) @ index.aefb2d8c.js:582
mounted @ index.aefb2d8c.js:582
(anonymous) @ index.aefb2d8c.js:16
callWithErrorHandling @ index.aefb2d8c.js:16
callWithAsyncErrorHandling @ index.aefb2d8c.js:16
D.__weh.D.__weh @ index.aefb2d8c.js:16
flushPostFlushCbs @ index.aefb2d8c.js:16
flushJobs @ index.aefb2d8c.js:16
Promise.then
queueFlush @ index.aefb2d8c.js:16
queueJob @ index.aefb2d8c.js:16
Xe.scheduler @ index.aefb2d8c.js:16
xt.scheduler @ index.aefb2d8c.js:9
trigger @ index.aefb2d8c.js:9
endBatch @ index.aefb2d8c.js:9
notify @ index.aefb2d8c.js:9
trigger @ index.aefb2d8c.js:9
set value @ index.aefb2d8c.js:9
Kt @ index.aefb2d8c.js:45
(anonymous) @ index.aefb2d8c.js:45
Promise.then
jt @ index.aefb2d8c.js:45
Ft @ index.aefb2d8c.js:45
Xe @ index.aefb2d8c.js:45
callWithErrorHandling @ index.aefb2d8c.js:16
callWithAsyncErrorHandling @ index.aefb2d8c.js:16
Be @ index.aefb2d8c.js:20
index.aefb2d8c.js:102  GSAP target .div3,.img2 not found. https://gsap.com
_warn @ index.aefb2d8c.js:102
D @ index.aefb2d8c.js:102
_createTweenType @ index.aefb2d8c.js:102
Be.to @ index.aefb2d8c.js:102
(anonymous) @ index.aefb2d8c.js:582
mounted @ index.aefb2d8c.js:582
(anonymous) @ index.aefb2d8c.js:16
callWithErrorHandling @ index.aefb2d8c.js:16
callWithAsyncErrorHandling @ index.aefb2d8c.js:16
D.__weh.D.__weh @ index.aefb2d8c.js:16
flushPostFlushCbs @ index.aefb2d8c.js:16
flushJobs @ index.aefb2d8c.js:16
Promise.then
queueFlush @ index.aefb2d8c.js:16
queueJob @ index.aefb2d8c.js:16
Xe.scheduler @ index.aefb2d8c.js:16
xt.scheduler @ index.aefb2d8c.js:9
trigger @ index.aefb2d8c.js:9
endBatch @ index.aefb2d8c.js:9
notify @ index.aefb2d8c.js:9
trigger @ index.aefb2d8c.js:9
set value @ index.aefb2d8c.js:9
Kt @ index.aefb2d8c.js:45
(anonymous) @ index.aefb2d8c.js:45
Promise.then
jt @ index.aefb2d8c.js:45
Ft @ index.aefb2d8c.js:45
Xe @ index.aefb2d8c.js:45
callWithErrorHandling @ index.aefb2d8c.js:16
callWithAsyncErrorHandling @ index.aefb2d8c.js:16
Be @ index.aefb2d8c.js:20
index.aefb2d8c.js:102  GSAP target .div3,.img2 not found. https://gsap.com
_warn @ index.aefb2d8c.js:102
D @ index.aefb2d8c.js:102
_createTweenType @ index.aefb2d8c.js:102
Be.to @ index.aefb2d8c.js:102
(anonymous) @ index.aefb2d8c.js:582
mounted @ index.aefb2d8c.js:582
(anonymous) @ index.aefb2d8c.js:16
callWithErrorHandling @ index.aefb2d8c.js:16
callWithAsyncErrorHandling @ index.aefb2d8c.js:16
D.__weh.D.__weh @ index.aefb2d8c.js:16
flushPostFlushCbs @ index.aefb2d8c.js:16
flushJobs @ index.aefb2d8c.js:16
Promise.then
queueFlush @ index.aefb2d8c.js:16
queueJob @ index.aefb2d8c.js:16
Xe.scheduler @ index.aefb2d8c.js:16
xt.scheduler @ index.aefb2d8c.js:9
trigger @ index.aefb2d8c.js:9
endBatch @ index.aefb2d8c.js:9
notify @ index.aefb2d8c.js:9
trigger @ index.aefb2d8c.js:9
set value @ index.aefb2d8c.js:9
Kt @ index.aefb2d8c.js:45
(anonymous) @ index.aefb2d8c.js:45
Promise.then
jt @ index.aefb2d8c.js:45
Ft @ index.aefb2d8c.js:45
Xe @ index.aefb2d8c.js:45
callWithErrorHandling @ index.aefb2d8c.js:16
callWithAsyncErrorHandling @ index.aefb2d8c.js:16
Be @ index.aefb2d8c.js:20
index.aefb2d8c.js:102  GSAP target .div3,.img2 not found. https://gsap.com
_warn @ index.aefb2d8c.js:102
D @ index.aefb2d8c.js:102
_createTweenType @ index.aefb2d8c.js:102
Be.to @ index.aefb2d8c.js:102
(anonymous) @ index.aefb2d8c.js:582
mounted @ index.aefb2d8c.js:582
(anonymous) @ index.aefb2d8c.js:16
callWithErrorHandling @ index.aefb2d8c.js:16
callWithAsyncErrorHandling @ index.aefb2d8c.js:16
D.__weh.D.__weh @ index.aefb2d8c.js:16
flushPostFlushCbs @ index.aefb2d8c.js:16
flushJobs @ index.aefb2d8c.js:16
Promise.then
queueFlush @ index.aefb2d8c.js:16
queueJob @ index.aefb2d8c.js:16
Xe.scheduler @ index.aefb2d8c.js:16
xt.scheduler @ index.aefb2d8c.js:9
trigger @ index.aefb2d8c.js:9
endBatch @ index.aefb2d8c.js:9
notify @ index.aefb2d8c.js:9
trigger @ index.aefb2d8c.js:9
set value @ index.aefb2d8c.js:9
Kt @ index.aefb2d8c.js:45
(anonymous) @ index.aefb2d8c.js:45
Promise.then
jt @ index.aefb2d8c.js:45
Ft @ index.aefb2d8c.js:45
Xe @ index.aefb2d8c.js:45
callWithErrorHandling @ index.aefb2d8c.js:16
callWithAsyncErrorHandling @ index.aefb2d8c.js:16
Be @ index.aefb2d8c.js:20
index.aefb2d8c.js:102  GSAP target .div3,.img2 not found. https://gsap.com
_warn @ index.aefb2d8c.js:102
D @ index.aefb2d8c.js:102
_createTweenType @ index.aefb2d8c.js:102
Be.to @ index.aefb2d8c.js:102
(anonymous) @ index.aefb2d8c.js:582
mounted @ index.aefb2d8c.js:582
(anonymous) @ index.aefb2d8c.js:16
callWithErrorHandling @ index.aefb2d8c.js:16
callWithAsyncErrorHandling @ index.aefb2d8c.js:16
D.__weh.D.__weh @ index.aefb2d8c.js:16
flushPostFlushCbs @ index.aefb2d8c.js:16
flushJobs @ index.aefb2d8c.js:16
Promise.then
queueFlush @ index.aefb2d8c.js:16
queueJob @ index.aefb2d8c.js:16
Xe.scheduler @ index.aefb2d8c.js:16
xt.scheduler @ index.aefb2d8c.js:9
trigger @ index.aefb2d8c.js:9
endBatch @ index.aefb2d8c.js:9
notify @ index.aefb2d8c.js:9
trigger @ index.aefb2d8c.js:9
set value @ index.aefb2d8c.js:9
Kt @ index.aefb2d8c.js:45
(anonymous) @ index.aefb2d8c.js:45
Promise.then
jt @ index.aefb2d8c.js:45
Ft @ index.aefb2d8c.js:45
Xe @ index.aefb2d8c.js:45
callWithErrorHandling @ index.aefb2d8c.js:16
callWithAsyncErrorHandling @ index.aefb2d8c.js:16
Be @ index.aefb2d8c.js:20
index.aefb2d8c.js:102  GSAP target .div3,.img2 not found. https://gsap.com
_warn @ index.aefb2d8c.js:102
D @ index.aefb2d8c.js:102
_createTweenType @ index.aefb2d8c.js:102
Be.to @ index.aefb2d8c.js:102
(anonymous) @ index.aefb2d8c.js:582
mounted @ index.aefb2d8c.js:582
(anonymous) @ index.aefb2d8c.js:16
callWithErrorHandling @ index.aefb2d8c.js:16
callWithAsyncErrorHandling @ index.aefb2d8c.js:16
D.__weh.D.__weh @ index.aefb2d8c.js:16
flushPostFlushCbs @ index.aefb2d8c.js:16
flushJobs @ index.aefb2d8c.js:16
Promise.then
queueFlush @ index.aefb2d8c.js:16
queueJob @ index.aefb2d8c.js:16
Xe.scheduler @ index.aefb2d8c.js:16
xt.scheduler @ index.aefb2d8c.js:9
trigger @ index.aefb2d8c.js:9
endBatch @ index.aefb2d8c.js:9
notify @ index.aefb2d8c.js:9
trigger @ index.aefb2d8c.js:9
set value @ index.aefb2d8c.js:9
Kt @ index.aefb2d8c.js:45
(anonymous) @ index.aefb2d8c.js:45
Promise.then
jt @ index.aefb2d8c.js:45
Ft @ index.aefb2d8c.js:45
Xe @ index.aefb2d8c.js:45
callWithErrorHandling @ index.aefb2d8c.js:16
callWithAsyncErrorHandling @ index.aefb2d8c.js:16
Be @ index.aefb2d8c.js:20
index.aefb2d8c.js:102  GSAP target .div3,.img2 not found. https://gsap.com
_warn @ index.aefb2d8c.js:102
D @ index.aefb2d8c.js:102
_createTweenType @ index.aefb2d8c.js:102
Be.to @ index.aefb2d8c.js:102
(anonymous) @ index.aefb2d8c.js:582
mounted @ index.aefb2d8c.js:582
(anonymous) @ index.aefb2d8c.js:16
callWithErrorHandling @ index.aefb2d8c.js:16
callWithAsyncErrorHandling @ index.aefb2d8c.js:16
D.__weh.D.__weh @ index.aefb2d8c.js:16
flushPostFlushCbs @ index.aefb2d8c.js:16
flushJobs @ index.aefb2d8c.js:16
Promise.then
queueFlush @ index.aefb2d8c.js:16
queueJob @ index.aefb2d8c.js:16
Xe.scheduler @ index.aefb2d8c.js:16
xt.scheduler @ index.aefb2d8c.js:9
trigger @ index.aefb2d8c.js:9
endBatch @ index.aefb2d8c.js:9
notify @ index.aefb2d8c.js:9
trigger @ index.aefb2d8c.js:9
set value @ index.aefb2d8c.js:9
Kt @ index.aefb2d8c.js:45
(anonymous) @ index.aefb2d8c.js:45
Promise.then
jt @ index.aefb2d8c.js:45
Ft @ index.aefb2d8c.js:45
Xe @ index.aefb2d8c.js:45
callWithErrorHandling @ index.aefb2d8c.js:16
callWithAsyncErrorHandling @ index.aefb2d8c.js:16
Be @ index.aefb2d8c.js:20
index.aefb2d8c.js:102  GSAP target .div3,.img2 not found. https://gsap.com
_warn @ index.aefb2d8c.js:102
D @ index.aefb2d8c.js:102
_createTweenType @ index.aefb2d8c.js:102
Be.to @ index.aefb2d8c.js:102
(anonymous) @ index.aefb2d8c.js:582
mounted @ index.aefb2d8c.js:582
(anonymous) @ index.aefb2d8c.js:16
callWithErrorHandling @ index.aefb2d8c.js:16
callWithAsyncErrorHandling @ index.aefb2d8c.js:16
D.__weh.D.__weh @ index.aefb2d8c.js:16
flushPostFlushCbs @ index.aefb2d8c.js:16
flushJobs @ index.aefb2d8c.js:16
Promise.then
queueFlush @ index.aefb2d8c.js:16
queueJob @ index.aefb2d8c.js:16
Xe.scheduler @ index.aefb2d8c.js:16
xt.scheduler @ index.aefb2d8c.js:9
trigger @ index.aefb2d8c.js:9
endBatch @ index.aefb2d8c.js:9
notify @ index.aefb2d8c.js:9
trigger @ index.aefb2d8c.js:9
set value @ index.aefb2d8c.js:9
Kt @ index.aefb2d8c.js:45
(anonymous) @ index.aefb2d8c.js:45
Promise.then
jt @ index.aefb2d8c.js:45
Ft @ index.aefb2d8c.js:45
Xe @ index.aefb2d8c.js:45
callWithErrorHandling @ index.aefb2d8c.js:16
callWithAsyncErrorHandling @ index.aefb2d8c.js:16
Be @ index.aefb2d8c.js:20
index.aefb2d8c.js:102  GSAP target .div3,.img2 not found. https://gsap.com
_warn @ index.aefb2d8c.js:102
D @ index.aefb2d8c.js:102
_createTweenType @ index.aefb2d8c.js:102
Be.to @ index.aefb2d8c.js:102
(anonymous) @ index.aefb2d8c.js:582
mounted @ index.aefb2d8c.js:582
(anonymous) @ index.aefb2d8c.js:16
callWithErrorHandling @ index.aefb2d8c.js:16
callWithAsyncErrorHandling @ index.aefb2d8c.js:16
D.__weh.D.__weh @ index.aefb2d8c.js:16
flushPostFlushCbs @ index.aefb2d8c.js:16
flushJobs @ index.aefb2d8c.js:16
Promise.then
queueFlush @ index.aefb2d8c.js:16
queueJob @ index.aefb2d8c.js:16
Xe.scheduler @ index.aefb2d8c.js:16
xt.scheduler @ index.aefb2d8c.js:9
trigger @ index.aefb2d8c.js:9
endBatch @ index.aefb2d8c.js:9
notify @ index.aefb2d8c.js:9
trigger @ index.aefb2d8c.js:9
set value @ index.aefb2d8c.js:9
Kt @ index.aefb2d8c.js:45
(anonymous) @ index.aefb2d8c.js:45
Promise.then
jt @ index.aefb2d8c.js:45
Ft @ index.aefb2d8c.js:45
Xe @ index.aefb2d8c.js:45
callWithErrorHandling @ index.aefb2d8c.js:16
callWithAsyncErrorHandling @ index.aefb2d8c.js:16
Be @ index.aefb2d8c.js:20
index.aefb2d8c.js:102  GSAP target .div3,.img2 not found. https://gsap.com
_warn @ index.aefb2d8c.js:102
D @ index.aefb2d8c.js:102
_createTweenType @ index.aefb2d8c.js:102
Be.to @ index.aefb2d8c.js:102
(anonymous) @ index.aefb2d8c.js:582
mounted @ index.aefb2d8c.js:582
(anonymous) @ index.aefb2d8c.js:16
callWithErrorHandling @ index.aefb2d8c.js:16
callWithAsyncErrorHandling @ index.aefb2d8c.js:16
D.__weh.D.__weh @ index.aefb2d8c.js:16
flushPostFlushCbs @ index.aefb2d8c.js:16
flushJobs @ index.aefb2d8c.js:16
Promise.then
queueFlush @ index.aefb2d8c.js:16
queueJob @ index.aefb2d8c.js:16
Xe.scheduler @ index.aefb2d8c.js:16
xt.scheduler @ index.aefb2d8c.js:9
trigger @ index.aefb2d8c.js:9
endBatch @ index.aefb2d8c.js:9
notify @ index.aefb2d8c.js:9
trigger @ index.aefb2d8c.js:9
set value @ index.aefb2d8c.js:9
Kt @ index.aefb2d8c.js:45
(anonymous) @ index.aefb2d8c.js:45
Promise.then
jt @ index.aefb2d8c.js:45
Ft @ index.aefb2d8c.js:45
Xe @ index.aefb2d8c.js:45
callWithErrorHandling @ index.aefb2d8c.js:16
callWithAsyncErrorHandling @ index.aefb2d8c.js:16
Be @ index.aefb2d8c.js:20
index.aefb2d8c.js:102  GSAP target .div3,.img2 not found. https://gsap.com
_warn @ index.aefb2d8c.js:102
D @ index.aefb2d8c.js:102
_createTweenType @ index.aefb2d8c.js:102
Be.to @ index.aefb2d8c.js:102
(anonymous) @ index.aefb2d8c.js:582
mounted @ index.aefb2d8c.js:582
(anonymous) @ index.aefb2d8c.js:16
callWithErrorHandling @ index.aefb2d8c.js:16
callWithAsyncErrorHandling @ index.aefb2d8c.js:16
D.__weh.D.__weh @ index.aefb2d8c.js:16
flushPostFlushCbs @ index.aefb2d8c.js:16
flushJobs @ index.aefb2d8c.js:16
Promise.then
queueFlush @ index.aefb2d8c.js:16
queueJob @ index.aefb2d8c.js:16
Xe.scheduler @ index.aefb2d8c.js:16
xt.scheduler @ index.aefb2d8c.js:9
trigger @ index.aefb2d8c.js:9
endBatch @ index.aefb2d8c.js:9
notify @ index.aefb2d8c.js:9
trigger @ index.aefb2d8c.js:9
set value @ index.aefb2d8c.js:9
Kt @ index.aefb2d8c.js:45
(anonymous) @ index.aefb2d8c.js:45
Promise.then
jt @ index.aefb2d8c.js:45
Ft @ index.aefb2d8c.js:45
Xe @ index.aefb2d8c.js:45
callWithErrorHandling @ index.aefb2d8c.js:16
callWithAsyncErrorHandling @ index.aefb2d8c.js:16
Be @ index.aefb2d8c.js:20
index.aefb2d8c.js:102  GSAP target .div3,.img2 not found. https://gsap.com
_warn @ index.aefb2d8c.js:102
D @ index.aefb2d8c.js:102
_createTweenType @ index.aefb2d8c.js:102
Be.to @ index.aefb2d8c.js:102
(anonymous) @ index.aefb2d8c.js:582
mounted @ index.aefb2d8c.js:582
(anonymous) @ index.aefb2d8c.js:16
callWithErrorHandling @ index.aefb2d8c.js:16
callWithAsyncErrorHandling @ index.aefb2d8c.js:16
D.__weh.D.__weh @ index.aefb2d8c.js:16
flushPostFlushCbs @ index.aefb2d8c.js:16
flushJobs @ index.aefb2d8c.js:16
Promise.then
queueFlush @ index.aefb2d8c.js:16
queueJob @ index.aefb2d8c.js:16
Xe.scheduler @ index.aefb2d8c.js:16
xt.scheduler @ index.aefb2d8c.js:9
trigger @ index.aefb2d8c.js:9
endBatch @ index.aefb2d8c.js:9
notify @ index.aefb2d8c.js:9
trigger @ index.aefb2d8c.js:9
set value @ index.aefb2d8c.js:9
Kt @ index.aefb2d8c.js:45
(anonymous) @ index.aefb2d8c.js:45
Promise.then
jt @ index.aefb2d8c.js:45
Ft @ index.aefb2d8c.js:45
Xe @ index.aefb2d8c.js:45
callWithErrorHandling @ index.aefb2d8c.js:16
callWithAsyncErrorHandling @ index.aefb2d8c.js:16
Be @ index.aefb2d8c.js:20
index.aefb2d8c.js:102  GSAP target .div3,.img2 not found. https://gsap.com
_warn @ index.aefb2d8c.js:102
D @ index.aefb2d8c.js:102
_createTweenType @ index.aefb2d8c.js:102
Be.to @ index.aefb2d8c.js:102
(anonymous) @ index.aefb2d8c.js:582
mounted @ index.aefb2d8c.js:582
(anonymous) @ index.aefb2d8c.js:16
callWithErrorHandling @ index.aefb2d8c.js:16
callWithAsyncErrorHandling @ index.aefb2d8c.js:16
D.__weh.D.__weh @ index.aefb2d8c.js:16
flushPostFlushCbs @ index.aefb2d8c.js:16
flushJobs @ index.aefb2d8c.js:16
Promise.then
queueFlush @ index.aefb2d8c.js:16
queueJob @ index.aefb2d8c.js:16
Xe.scheduler @ index.aefb2d8c.js:16
xt.scheduler @ index.aefb2d8c.js:9
trigger @ index.aefb2d8c.js:9
endBatch @ index.aefb2d8c.js:9
notify @ index.aefb2d8c.js:9
trigger @ index.aefb2d8c.js:9
set value @ index.aefb2d8c.js:9
Kt @ index.aefb2d8c.js:45
(anonymous) @ index.aefb2d8c.js:45
Promise.then
jt @ index.aefb2d8c.js:45
Ft @ index.aefb2d8c.js:45
Xe @ index.aefb2d8c.js:45
callWithErrorHandling @ index.aefb2d8c.js:16
callWithAsyncErrorHandling @ index.aefb2d8c.js:16
Be @ index.aefb2d8c.js:20
index.aefb2d8c.js:102  GSAP target .div3,.img2 not found. https://gsap.com
_warn @ index.aefb2d8c.js:102
D @ index.aefb2d8c.js:102
_createTweenType @ index.aefb2d8c.js:102
Be.to @ index.aefb2d8c.js:102
(anonymous) @ index.aefb2d8c.js:582
mounted @ index.aefb2d8c.js:582
(anonymous) @ index.aefb2d8c.js:16
callWithErrorHandling @ index.aefb2d8c.js:16
callWithAsyncErrorHandling @ index.aefb2d8c.js:16
D.__weh.D.__weh @ index.aefb2d8c.js:16
flushPostFlushCbs @ index.aefb2d8c.js:16
flushJobs @ index.aefb2d8c.js:16
Promise.then
queueFlush @ index.aefb2d8c.js:16
queueJob @ index.aefb2d8c.js:16
Xe.scheduler @ index.aefb2d8c.js:16
xt.scheduler @ index.aefb2d8c.js:9
trigger @ index.aefb2d8c.js:9
endBatch @ index.aefb2d8c.js:9
notify @ index.aefb2d8c.js:9
trigger @ index.aefb2d8c.js:9
set value @ index.aefb2d8c.js:9
Kt @ index.aefb2d8c.js:45
(anonymous) @ index.aefb2d8c.js:45
Promise.then
jt @ index.aefb2d8c.js:45
Ft @ index.aefb2d8c.js:45
Xe @ index.aefb2d8c.js:45
callWithErrorHandling @ index.aefb2d8c.js:16
callWithAsyncErrorHandling @ index.aefb2d8c.js:16
Be @ index.aefb2d8c.js:20
index.aefb2d8c.js:102  GSAP target .div3,.img2 not found. https://gsap.com
_warn @ index.aefb2d8c.js:102
D @ index.aefb2d8c.js:102
_createTweenType @ index.aefb2d8c.js:102
Be.to @ index.aefb2d8c.js:102
(anonymous) @ index.aefb2d8c.js:582
mounted @ index.aefb2d8c.js:582
(anonymous) @ index.aefb2d8c.js:16
callWithErrorHandling @ index.aefb2d8c.js:16
callWithAsyncErrorHandling @ index.aefb2d8c.js:16
D.__weh.D.__weh @ index.aefb2d8c.js:16
flushPostFlushCbs @ index.aefb2d8c.js:16
flushJobs @ index.aefb2d8c.js:16
Promise.then
queueFlush @ index.aefb2d8c.js:16
queueJob @ index.aefb2d8c.js:16
Xe.scheduler @ index.aefb2d8c.js:16
xt.scheduler @ index.aefb2d8c.js:9
trigger @ index.aefb2d8c.js:9
endBatch @ index.aefb2d8c.js:9
notify @ index.aefb2d8c.js:9
trigger @ index.aefb2d8c.js:9
set value @ index.aefb2d8c.js:9
Kt @ index.aefb2d8c.js:45
(anonymous) @ index.aefb2d8c.js:45
Promise.then
jt @ index.aefb2d8c.js:45
Ft @ index.aefb2d8c.js:45
Xe @ index.aefb2d8c.js:45
callWithErrorHandling @ index.aefb2d8c.js:16
callWithAsyncErrorHandling @ index.aefb2d8c.js:16
Be @ index.aefb2d8c.js:20
index.aefb2d8c.js:102  GSAP target .div3,.img2 not found. https://gsap.com
_warn @ index.aefb2d8c.js:102
D @ index.aefb2d8c.js:102
_createTweenType @ index.aefb2d8c.js:102
Be.to @ index.aefb2d8c.js:102
(anonymous) @ index.aefb2d8c.js:582
mounted @ index.aefb2d8c.js:582
(anonymous) @ index.aefb2d8c.js:16
callWithErrorHandling @ index.aefb2d8c.js:16
callWithAsyncErrorHandling @ index.aefb2d8c.js:16
D.__weh.D.__weh @ index.aefb2d8c.js:16
flushPostFlushCbs @ index.aefb2d8c.js:16
flushJobs @ index.aefb2d8c.js:16
Promise.then
queueFlush @ index.aefb2d8c.js:16
queueJob @ index.aefb2d8c.js:16
Xe.scheduler @ index.aefb2d8c.js:16
xt.scheduler @ index.aefb2d8c.js:9
trigger @ index.aefb2d8c.js:9
endBatch @ index.aefb2d8c.js:9
notify @ index.aefb2d8c.js:9
trigger @ index.aefb2d8c.js:9
set value @ index.aefb2d8c.js:9
Kt @ index.aefb2d8c.js:45
(anonymous) @ index.aefb2d8c.js:45
Promise.then
jt @ index.aefb2d8c.js:45
Ft @ index.aefb2d8c.js:45
Xe @ index.aefb2d8c.js:45
callWithErrorHandling @ index.aefb2d8c.js:16
callWithAsyncErrorHandling @ index.aefb2d8c.js:16
Be @ index.aefb2d8c.js:20
index.aefb2d8c.js:102  GSAP target .div3,.img2 not found. https://gsap.com
_warn @ index.aefb2d8c.js:102
D @ index.aefb2d8c.js:102
_createTweenType @ index.aefb2d8c.js:102
Be.to @ index.aefb2d8c.js:102
(anonymous) @ index.aefb2d8c.js:582
mounted @ index.aefb2d8c.js:582
(anonymous) @ index.aefb2d8c.js:16
callWithErrorHandling @ index.aefb2d8c.js:16
callWithAsyncErrorHandling @ index.aefb2d8c.js:16
D.__weh.D.__weh @ index.aefb2d8c.js:16
flushPostFlushCbs @ index.aefb2d8c.js:16
flushJobs @ index.aefb2d8c.js:16
Promise.then
queueFlush @ index.aefb2d8c.js:16
queueJob @ index.aefb2d8c.js:16
Xe.scheduler @ index.aefb2d8c.js:16
xt.scheduler @ index.aefb2d8c.js:9
trigger @ index.aefb2d8c.js:9
endBatch @ index.aefb2d8c.js:9
notify @ index.aefb2d8c.js:9
trigger @ index.aefb2d8c.js:9
set value @ index.aefb2d8c.js:9
Kt @ index.aefb2d8c.js:45
(anonymous) @ index.aefb2d8c.js:45
Promise.then
jt @ index.aefb2d8c.js:45
Ft @ index.aefb2d8c.js:45
Xe @ index.aefb2d8c.js:45
callWithErrorHandling @ index.aefb2d8c.js:16
callWithAsyncErrorHandling @ index.aefb2d8c.js:16
Be @ index.aefb2d8c.js:20
index.aefb2d8c.js:102  GSAP target .div3,.img2 not found. https://gsap.com
_warn @ index.aefb2d8c.js:102
D @ index.aefb2d8c.js:102
_createTweenType @ index.aefb2d8c.js:102
Be.to @ index.aefb2d8c.js:102
(anonymous) @ index.aefb2d8c.js:582
mounted @ index.aefb2d8c.js:582
(anonymous) @ index.aefb2d8c.js:16
callWithErrorHandling @ index.aefb2d8c.js:16
callWithAsyncErrorHandling @ index.aefb2d8c.js:16
D.__weh.D.__weh @ index.aefb2d8c.js:16
flushPostFlushCbs @ index.aefb2d8c.js:16
flushJobs @ index.aefb2d8c.js:16
Promise.then
queueFlush @ index.aefb2d8c.js:16
queueJob @ index.aefb2d8c.js:16
Xe.scheduler @ index.aefb2d8c.js:16
xt.scheduler @ index.aefb2d8c.js:9
trigger @ index.aefb2d8c.js:9
endBatch @ index.aefb2d8c.js:9
notify @ index.aefb2d8c.js:9
trigger @ index.aefb2d8c.js:9
set value @ index.aefb2d8c.js:9
Kt @ index.aefb2d8c.js:45
(anonymous) @ index.aefb2d8c.js:45
Promise.then
jt @ index.aefb2d8c.js:45
Ft @ index.aefb2d8c.js:45
Xe @ index.aefb2d8c.js:45
callWithErrorHandling @ index.aefb2d8c.js:16
callWithAsyncErrorHandling @ index.aefb2d8c.js:16
Be @ index.aefb2d8c.js:20
index.aefb2d8c.js:102  GSAP target .div3,.img2 not found. https://gsap.com
_warn @ index.aefb2d8c.js:102
D @ index.aefb2d8c.js:102
_createTweenType @ index.aefb2d8c.js:102
Be.to @ index.aefb2d8c.js:102
(anonymous) @ index.aefb2d8c.js:582
mounted @ index.aefb2d8c.js:582
(anonymous) @ index.aefb2d8c.js:16
callWithErrorHandling @ index.aefb2d8c.js:16
callWithAsyncErrorHandling @ index.aefb2d8c.js:16
D.__weh.D.__weh @ index.aefb2d8c.js:16
flushPostFlushCbs @ index.aefb2d8c.js:16
flushJobs @ index.aefb2d8c.js:16
Promise.then
queueFlush @ index.aefb2d8c.js:16
queueJob @ index.aefb2d8c.js:16
Xe.scheduler @ index.aefb2d8c.js:16
xt.scheduler @ index.aefb2d8c.js:9
trigger @ index.aefb2d8c.js:9
endBatch @ index.aefb2d8c.js:9
notify @ index.aefb2d8c.js:9
trigger @ index.aefb2d8c.js:9
set value @ index.aefb2d8c.js:9
Kt @ index.aefb2d8c.js:45
(anonymous) @ index.aefb2d8c.js:45
Promise.then
jt @ index.aefb2d8c.js:45
Ft @ index.aefb2d8c.js:45
Xe @ index.aefb2d8c.js:45
callWithErrorHandling @ index.aefb2d8c.js:16
callWithAsyncErrorHandling @ index.aefb2d8c.js:16
Be @ index.aefb2d8c.js:20
index.aefb2d8c.js:102 [Violation] 'requestAnimationFrame' handler took 102ms
init.js:1 Loaded
init.js:1 Loaded
chunk-249-8001f794.js:4  Setting overlaysContent is only supported from the top level browsing context
(anonymous) @ chunk-249-8001f794.js:4
N @ 293-0de873d2.js:17
T @ 293-0de873d2.js:17
n @ 293-0de873d2.js:11
setTimeout
(anonymous) @ 293-0de873d2.js:14
n @ 293-0de873d2.js:17
n @ 293-0de873d2.js:11
setTimeout
(anonymous) @ 293-0de873d2.js:14
(anonymous) @ 293-0de873d2.js:17
c.diffed @ 293-0de873d2.js:17
o.fF.diffed @ 189-96a86721.js:1
N @ 293-0de873d2.js:17
A @ 293-0de873d2.js:17
Promise.then
j @ 293-0de873d2.js:17
w.setState @ 293-0de873d2.js:17
o.__c.o.__ @ 293-0de873d2.js:17
(anonymous) @ chunk-442-00cebe3d.js:15
s @ 189-96a86721.js:1
(anonymous) @ chunk-442-00cebe3d.js:15
replace @ chunk-442-00cebe3d.js:15
(anonymous) @ chunk-442-00cebe3d.js:13
(anonymous) @ chunk-442-00cebe3d.js:15
N @ 293-0de873d2.js:17
T @ 293-0de873d2.js:17
n @ 293-0de873d2.js:11
setTimeout
(anonymous) @ 293-0de873d2.js:14
n @ 293-0de873d2.js:17
n @ 293-0de873d2.js:11
setTimeout
(anonymous) @ 293-0de873d2.js:14
(anonymous) @ 293-0de873d2.js:17
c.diffed @ 293-0de873d2.js:17
o.fF.diffed @ 189-96a86721.js:1
N @ 293-0de873d2.js:17
A @ 293-0de873d2.js:17
Promise.then
j @ 293-0de873d2.js:17
w.setState @ 293-0de873d2.js:17
o.__c.o.__ @ 293-0de873d2.js:17
(anonymous) @ 189-96a86721.js:1
(anonymous) @ 342-78416a47.js:1
t.runReaction_ @ 293-0de873d2.js:17
th @ 293-0de873d2.js:17
tc @ 293-0de873d2.js:17
(anonymous) @ 293-0de873d2.js:17
et @ 189-96a86721.js:1
tc @ 293-0de873d2.js:17
tf @ 293-0de873d2.js:17
ts @ 293-0de873d2.js:17
eF @ 293-0de873d2.js:17
ObservableObject.key @ 293-0de873d2.js:17
(anonymous) @ chunk-249-8001f794.js:4
N @ 293-0de873d2.js:17
T @ 293-0de873d2.js:17
n @ 293-0de873d2.js:11
setTimeout
(anonymous) @ 293-0de873d2.js:14
n @ 293-0de873d2.js:17
n @ 293-0de873d2.js:11
setTimeout
(anonymous) @ 293-0de873d2.js:14
(anonymous) @ 293-0de873d2.js:17
c.diffed @ 293-0de873d2.js:17
o.fF.diffed @ 189-96a86721.js:1
N @ 293-0de873d2.js:17
P @ 293-0de873d2.js:17
N @ 293-0de873d2.js:17
P @ 293-0de873d2.js:17
N @ 293-0de873d2.js:17
P @ 293-0de873d2.js:17
N @ 293-0de873d2.js:17
P @ 293-0de873d2.js:17
N @ 293-0de873d2.js:17
P @ 293-0de873d2.js:17
N @ 293-0de873d2.js:17
P @ 293-0de873d2.js:17
(anonymous) @ 293-0de873d2.js:17
N @ 293-0de873d2.js:17
P @ 293-0de873d2.js:17
N @ 293-0de873d2.js:17
P @ 293-0de873d2.js:17
N @ 293-0de873d2.js:17
P @ 293-0de873d2.js:17
N @ 293-0de873d2.js:17
P @ 293-0de873d2.js:17
N @ 293-0de873d2.js:17
P @ 293-0de873d2.js:17
N @ 293-0de873d2.js:17
P @ 293-0de873d2.js:17
N @ 293-0de873d2.js:17
P @ 293-0de873d2.js:17
N @ 293-0de873d2.js:17
P @ 293-0de873d2.js:17
N @ 293-0de873d2.js:17
P @ 293-0de873d2.js:17
N @ 293-0de873d2.js:17
P @ 293-0de873d2.js:17
N @ 293-0de873d2.js:17
P @ 293-0de873d2.js:17
N @ 293-0de873d2.js:17
P @ 293-0de873d2.js:17
N @ 293-0de873d2.js:17
P @ 293-0de873d2.js:17
N @ 293-0de873d2.js:17
P @ 293-0de873d2.js:17
N @ 293-0de873d2.js:17
P @ 293-0de873d2.js:17
N @ 293-0de873d2.js:17
A @ 293-0de873d2.js:17
Promise.then
j @ 293-0de873d2.js:17
w.setState @ 293-0de873d2.js:17
l @ 189-96a86721.js:1
a @ 189-96a86721.js:1
Promise.then
__c @ 189-96a86721.js:1
o.fF.__e @ 189-96a86721.js:1
N @ 293-0de873d2.js:17
P @ 293-0de873d2.js:17
N @ 293-0de873d2.js:17
P @ 293-0de873d2.js:17
N @ 293-0de873d2.js:17
P @ 293-0de873d2.js:17
N @ 293-0de873d2.js:17
I @ 293-0de873d2.js:17
P @ 189-96a86721.js:1
7004 @ app-c4feba49.js:1
r @ app-c4feba49.js:1
(anonymous) @ app-c4feba49.js:18
r.O @ app-c4feba49.js:1
(anonymous) @ app-c4feba49.js:18
(anonymous) @ app-c4feba49.js:18
chunk-249-8001f794.js:4  Setting overlaysContent is only supported from the top level browsing context
(anonymous) @ chunk-249-8001f794.js:4
N @ 293-0de873d2.js:17
T @ 293-0de873d2.js:17
n @ 293-0de873d2.js:11
setTimeout
(anonymous) @ 293-0de873d2.js:14
n @ 293-0de873d2.js:17
n @ 293-0de873d2.js:11
setTimeout
(anonymous) @ 293-0de873d2.js:14
(anonymous) @ 293-0de873d2.js:17
c.diffed @ 293-0de873d2.js:17
o.fF.diffed @ 189-96a86721.js:1
N @ 293-0de873d2.js:17
A @ 293-0de873d2.js:17
Promise.then
j @ 293-0de873d2.js:17
w.setState @ 293-0de873d2.js:17
o.__c.o.__ @ 293-0de873d2.js:17
(anonymous) @ chunk-442-00cebe3d.js:15
s @ 189-96a86721.js:1
(anonymous) @ chunk-442-00cebe3d.js:15
replace @ chunk-442-00cebe3d.js:15
(anonymous) @ chunk-442-00cebe3d.js:13
(anonymous) @ chunk-442-00cebe3d.js:15
N @ 293-0de873d2.js:17
T @ 293-0de873d2.js:17
n @ 293-0de873d2.js:11
setTimeout
(anonymous) @ 293-0de873d2.js:14
n @ 293-0de873d2.js:17
n @ 293-0de873d2.js:11
setTimeout
(anonymous) @ 293-0de873d2.js:14
(anonymous) @ 293-0de873d2.js:17
c.diffed @ 293-0de873d2.js:17
o.fF.diffed @ 189-96a86721.js:1
N @ 293-0de873d2.js:17
A @ 293-0de873d2.js:17
Promise.then
j @ 293-0de873d2.js:17
w.setState @ 293-0de873d2.js:17
o.__c.o.__ @ 293-0de873d2.js:17
r @ chunk-249-8001f794.js:1
(anonymous) @ chunk-249-8001f794.js:1
await in (anonymous)
(anonymous) @ chunk-249-8001f794.js:1
N @ 293-0de873d2.js:17
T @ 293-0de873d2.js:17
n @ 293-0de873d2.js:11
setTimeout
(anonymous) @ 293-0de873d2.js:14
n @ 293-0de873d2.js:17
n @ 293-0de873d2.js:11
setTimeout
(anonymous) @ 293-0de873d2.js:14
(anonymous) @ 293-0de873d2.js:17
c.diffed @ 293-0de873d2.js:17
o.fF.diffed @ 189-96a86721.js:1
N @ 293-0de873d2.js:17
P @ 293-0de873d2.js:17
N @ 293-0de873d2.js:17
P @ 293-0de873d2.js:17
N @ 293-0de873d2.js:17
P @ 293-0de873d2.js:17
N @ 293-0de873d2.js:17
P @ 293-0de873d2.js:17
N @ 293-0de873d2.js:17
P @ 293-0de873d2.js:17
N @ 293-0de873d2.js:17
P @ 293-0de873d2.js:17
(anonymous) @ 293-0de873d2.js:17
N @ 293-0de873d2.js:17
P @ 293-0de873d2.js:17
N @ 293-0de873d2.js:17
P @ 293-0de873d2.js:17
N @ 293-0de873d2.js:17
P @ 293-0de873d2.js:17
N @ 293-0de873d2.js:17
P @ 293-0de873d2.js:17
N @ 293-0de873d2.js:17
P @ 293-0de873d2.js:17
N @ 293-0de873d2.js:17
P @ 293-0de873d2.js:17
N @ 293-0de873d2.js:17
P @ 293-0de873d2.js:17
N @ 293-0de873d2.js:17
P @ 293-0de873d2.js:17
N @ 293-0de873d2.js:17
P @ 293-0de873d2.js:17
N @ 293-0de873d2.js:17
P @ 293-0de873d2.js:17
N @ 293-0de873d2.js:17
P @ 293-0de873d2.js:17
N @ 293-0de873d2.js:17
P @ 293-0de873d2.js:17
N @ 293-0de873d2.js:17
P @ 293-0de873d2.js:17
N @ 293-0de873d2.js:17
P @ 293-0de873d2.js:17
N @ 293-0de873d2.js:17
P @ 293-0de873d2.js:17
N @ 293-0de873d2.js:17
A @ 293-0de873d2.js:17
Promise.then
j @ 293-0de873d2.js:17
w.setState @ 293-0de873d2.js:17
l @ 189-96a86721.js:1
a @ 189-96a86721.js:1
Promise.then
__c @ 189-96a86721.js:1
o.fF.__e @ 189-96a86721.js:1
N @ 293-0de873d2.js:17
P @ 293-0de873d2.js:17
N @ 293-0de873d2.js:17
P @ 293-0de873d2.js:17
N @ 293-0de873d2.js:17
P @ 293-0de873d2.js:17
N @ 293-0de873d2.js:17
I @ 293-0de873d2.js:17
P @ 189-96a86721.js:1
7004 @ app-c4feba49.js:1
r @ app-c4feba49.js:1
(anonymous) @ app-c4feba49.js:18
r.O @ app-c4feba49.js:1
(anonymous) @ app-c4feba49.js:18
(anonymous) @ app-c4feba49.js:18
index.aefb2d8c.js:431 [Violation] 'requestAnimationFrame' handler took 99ms
index.aefb2d8c.js:431 [Violation] 'requestAnimationFrame' handler took 64ms
app-c4feba49.js:1 [Violation] 'message' handler took 196ms
[Violation] 'setInterval' handler took 71ms
index.aefb2d8c.js:431 [Violation] 'requestAnimationFrame' handler took 118ms
app-c4feba49.js:1 [Violation] 'message' handler took 240ms
